<?xml version="1.0" encoding="UTF-8"?>
<testng-results ignored="0" total="2" passed="2" failed="0" skipped="0">
  <reporter-output>
  </reporter-output>
  <suite started-at="2023-12-14T16:41:16 CST" name="Default suite" finished-at="2023-12-14T16:41:16 CST" duration-ms="52">
    <groups>
    </groups>
    <test started-at="2023-12-14T16:41:16 CST" name="Default test" finished-at="2023-12-14T16:41:16 CST" duration-ms="52">
      <class name="qamavenproj.MavenJava.SeleniumTest">
        <test-method signature="BrowserAutomation()[pri:0, instance:qamavenproj.MavenJava.SeleniumTest@662b4c69]" started-at="2023-12-14T16:41:16 CST" name="BrowserAutomation" finished-at="2023-12-14T16:41:16 CST" duration-ms="8" status="PASS">
          <reporter-output>
          </reporter-output>
        </test-method> <!-- BrowserAutomation -->
        <test-method signature="WebAutomation()[pri:0, instance:qamavenproj.MavenJava.SeleniumTest@662b4c69]" started-at="2023-12-14T16:41:16 CST" name="WebAutomation" finished-at="2023-12-14T16:41:16 CST" duration-ms="1" status="PASS">
          <reporter-output>
          </reporter-output>
        </test-method> <!-- WebAutomation -->
      </class> <!-- qamavenproj.MavenJava.SeleniumTest -->
    </test> <!-- Default test -->
  </suite> <!-- Default suite -->
</testng-results>
